{"C:\\github\\Ayyma_Tech_Solution\\src\\events\\eventBus.ts": {"path":"C:\\github\\Ayyma_Tech_Solution\\src\\events\\eventBus.ts","statementMap":{"0":{"start":{"line":4,"column":12},"end":{"line":4,"column":66}},"1":{"start":{"line":7,"column":8},"end":{"line":9,"column":9}},"2":{"start":{"line":8,"column":12},"end":{"line":8,"column":42}},"3":{"start":{"line":10,"column":8},"end":{"line":10,"column":47}},"4":{"start":{"line":14,"column":25},"end":{"line":14,"column":49}},"5":{"start":{"line":15,"column":8},"end":{"line":17,"column":9}},"6":{"start":{"line":16,"column":12},"end":{"line":16,"column":56}},"7":{"start":{"line":16,"column":40},"end":{"line":16,"column":54}},"8":{"start":{"line":21,"column":13},"end":{"line":21,"column":39}}},"fnMap":{"0":{"name":"(anonymous_0)","decl":{"start":{"line":3,"column":0},"end":{"line":3,"column":6}},"loc":{"start":{"line":3,"column":0},"end":{"line":19,"column":1}}},"1":{"name":"(anonymous_1)","decl":{"start":{"line":6,"column":11},"end":{"line":6,"column":20}},"loc":{"start":{"line":6,"column":67},"end":{"line":11,"column":5}}},"2":{"name":"(anonymous_2)","decl":{"start":{"line":13,"column":11},"end":{"line":13,"column":18}},"loc":{"start":{"line":13,"column":49},"end":{"line":18,"column":5}}},"3":{"name":"(anonymous_3)","decl":{"start":{"line":16,"column":29},"end":{"line":16,"column":36}},"loc":{"start":{"line":16,"column":40},"end":{"line":16,"column":54}}}},"branchMap":{"0":{"loc":{"start":{"line":7,"column":8},"end":{"line":9,"column":9}},"type":"if","locations":[{"start":{"line":7,"column":8},"end":{"line":9,"column":9}}]},"1":{"loc":{"start":{"line":15,"column":8},"end":{"line":17,"column":9}},"type":"if","locations":[{"start":{"line":15,"column":8},"end":{"line":17,"column":9}}]}},"s":{"0":2,"1":10,"2":10,"3":10,"4":18,"5":18,"6":6,"7":6,"8":2},"f":{"0":2,"1":10,"2":18,"3":6},"b":{"0":[10],"1":[6]}}
,"C:\\github\\Ayyma_Tech_Solution\\src\\order\\orderService.ts": {"path":"C:\\github\\Ayyma_Tech_Solution\\src\\order\\orderService.ts","statementMap":{"0":{"start":{"line":1,"column":0},"end":{"line":1,"column":46}},"1":{"start":{"line":6,"column":8},"end":{"line":6,"column":81}},"2":{"start":{"line":7,"column":8},"end":{"line":7,"column":75}},"3":{"start":{"line":11,"column":40},"end":{"line":14,"column":10}},"4":{"start":{"line":15,"column":8},"end":{"line":15,"column":47}},"5":{"start":{"line":21,"column":24},"end":{"line":21,"column":32}},"6":{"start":{"line":22,"column":22},"end":{"line":22,"column":32}},"7":{"start":{"line":23,"column":55},"end":{"line":26,"column":10}},"8":{"start":{"line":27,"column":8},"end":{"line":27,"column":62}},"9":{"start":{"line":32,"column":8},"end":{"line":32,"column":144}},"10":{"start":{"line":37,"column":13},"end":{"line":37,"column":47}}},"fnMap":{"0":{"name":"(anonymous_0)","decl":{"start":{"line":5,"column":4},"end":{"line":5,"column":null}},"loc":{"start":{"line":5,"column":4},"end":{"line":8,"column":5}}},"1":{"name":"(anonymous_1)","decl":{"start":{"line":10,"column":11},"end":{"line":10,"column":21}},"loc":{"start":{"line":10,"column":92},"end":{"line":16,"column":5}}},"2":{"name":"(anonymous_2)","decl":{"start":{"line":18,"column":12},"end":{"line":18,"column":31}},"loc":{"start":{"line":18,"column":42},"end":{"line":28,"column":5}}},"3":{"name":"(anonymous_3)","decl":{"start":{"line":30,"column":12},"end":{"line":30,"column":28}},"loc":{"start":{"line":30,"column":39},"end":{"line":34,"column":5}}}},"branchMap":{},"s":{"0":2,"1":2,"2":2,"3":8,"4":8,"5":0,"6":0,"7":0,"8":0,"9":0,"10":2},"f":{"0":2,"1":8,"2":0,"3":0},"b":{}}
}
