TN:
SF:src\events\eventBus.ts
FN:3,(anonymous_0)
FN:6,(anonymous_1)
FN:13,(anonymous_2)
FN:16,(anonymous_3)
FNF:4
FNH:4
FNDA:2,(anonymous_0)
FNDA:10,(anonymous_1)
FNDA:18,(anonymous_2)
FNDA:6,(anonymous_3)
DA:4,2
DA:7,10
DA:8,10
DA:10,10
DA:14,18
DA:15,18
DA:16,6
DA:21,2
LF:8
LH:8
BRDA:7,0,0,10
BRDA:15,1,0,6
BRF:2
BRH:2
end_of_record
TN:
SF:src\order\orderService.ts
FN:5,(anonymous_0)
FN:10,(anonymous_1)
FN:18,(anonymous_2)
FN:30,(anonymous_3)
FNF:4
FNH:2
FNDA:2,(anonymous_0)
FNDA:8,(anonymous_1)
FNDA:0,(anonymous_2)
FNDA:0,(anonymous_3)
DA:1,2
DA:6,2
DA:7,2
DA:11,8
DA:15,8
DA:21,0
DA:22,0
DA:23,0
DA:27,0
DA:32,0
DA:37,2
LF:11
LH:6
BRF:0
BRH:0
end_of_record
